<?xml version="1.0" encoding="UTF-8"?>
<testsuite xmlns:xsi="http://www.w3.org/2001/XMLSchema-instance" xsi:noNamespaceSchemaLocation="https://maven.apache.org/surefire/maven-surefire-plugin/xsd/surefire-test-report-3.0.xsd" version="3.0" name="org.est.devops.ms.services.SommeArgentMultiplicationTest" time="0.312" tests="3" errors="0" skipped="0" failures="0">
  <properties>
[...]
</properties>
  <testcase name="testMultiplier(int, String, int, int)[1]" classname="org.est.devops.ms.services.SommeArgentMultiplicationTest" time="0.061"/>
  <testcase name="testMultiplier(int, String, int, int)[2]" classname="org.est.devops.ms.services.SommeArgentMultiplicationTest" time="0.0"/>
  <testcase name="testMultiplier(int, String, int, int)[3]" classname="org.est.devops.ms.services.SommeArgentMultiplicationTest" time="0.003"/>
</testsuite>